C51 COMPILER V9.60.7.0   AT24C02                                                           09/10/2025 20:28:10 PAGE 1   


C51 COMPILER V9.60.7.0, COMPILATION OF MODULE AT24C02
OBJECT MODULE PLACED IN .\Objects\AT24C02.obj
COMPILER INVOKED BY: C:\Keil_v5\C51\BIN\C51.EXE AT24C02.c COMPACT OPTIMIZE(8,SPEED) BROWSE DEBUG OBJECTEXTEND PRINT(.\Li
                    -stings\AT24C02.lst) TABS(2) OBJECT(.\Objects\AT24C02.obj)

line level    source

   1          #include "I2C.h"
   2          #include "delay.h"
   3          #include "intrins.h"
   4          
   5          #define AT24C02_ADDR 0xA0
   6          #define AT24C02_RXBUF_MAX 8
   7          
   8          void AT24C02_writepage(unsigned char saddr, char *databuf, unsigned char buflen)
   9          {
  10   1        unsigned char i;
  11   1        I2C_start();
  12   1        I2C_writebyte(AT24C02_ADDR);
  13   1        I2C_waitack();
  14   1        I2C_writebyte(saddr);
  15   1        I2C_waitack();
  16   1        for(i = 0;i < buflen;i++)
  17   1        {
  18   2          I2C_writebyte(databuf[i]);
  19   2          I2C_waitack();  
  20   2      
  21   2        }
  22   1        I2C_stop(); 
  23   1        Delay1ms(5);
  24   1      }
  25          
  26          unsigned char* AT24C02_readseq(unsigned char saddr, unsigned char rlen)
  27          {
  28   1        unsigned char i;
  29   1        unsigned char dat[AT24C02_RXBUF_MAX];
  30   1        I2C_start();
  31   1        I2C_writebyte(AT24C02_ADDR);
  32   1        I2C_waitack();
  33   1        I2C_writebyte(saddr);
  34   1        I2C_waitack();
  35   1        I2C_start();
  36   1        I2C_writebyte(AT24C02_ADDR | 0x01);
  37   1        I2C_waitack();
  38   1        
  39   1        for(i = 0;i < rlen;i++)
  40   1        {
  41   2          dat[i] = I2C_readbyte();
  42   2          _nop_();_nop_();
  43   2          if(i != rlen - 1)
  44   2          {
  45   3            I2C_ACK();
  46   3            _nop_();_nop_();
  47   3          }
  48   2          
  49   2        }
  50   1        I2C_NACK();
  51   1        I2C_stop(); 
  52   1          
  53   1        return dat;
  54   1      }
C51 COMPILER V9.60.7.0   AT24C02                                                           09/10/2025 20:28:10 PAGE 2   

  55          
  56          unsigned char AT24C02_readbyte(unsigned char saddr)
  57          {
  58   1        unsigned char dat;
  59   1        I2C_start();
  60   1        I2C_writebyte(AT24C02_ADDR);
  61   1        I2C_waitack();
  62   1        I2C_writebyte(saddr);
  63   1        I2C_waitack();
  64   1        I2C_start();
  65   1        I2C_writebyte(AT24C02_ADDR | 0x01);
  66   1        I2C_waitack();
  67   1      
  68   1        dat = I2C_readbyte();
  69   1      
  70   1        I2C_NACK();
  71   1        I2C_stop(); 
  72   1          
  73   1        return dat;
  74   1      }


MODULE INFORMATION:   STATIC OVERLAYABLE
   CODE SIZE        =    244    ----
   CONSTANT SIZE    =   ----    ----
   XDATA SIZE       =   ----    ----
   PDATA SIZE       =   ----      19
   DATA SIZE        =   ----    ----
   IDATA SIZE       =   ----    ----
   BIT SIZE         =   ----    ----
END OF MODULE INFORMATION.


C51 COMPILATION COMPLETE.  0 WARNING(S),  0 ERROR(S)
