C51 COMPILER V9.60.7.0   I2C                                                               09/10/2025 20:28:10 PAGE 1   


C51 COMPILER V9.60.7.0, COMPILATION OF MODULE I2C
OBJECT MODULE PLACED IN .\Objects\I2C.obj
COMPILER INVOKED BY: C:\Keil_v5\C51\BIN\C51.EXE I2C.c COMPACT OPTIMIZE(8,SPEED) BROWSE DEBUG OBJECTEXTEND PRINT(.\Listin
                    -gs\I2C.lst) TABS(2) OBJECT(.\Objects\I2C.obj)

line level    source

   1          #include <REGX52.H>
   2          #include "delay.h"
   3          
   4          sbit SCL = P2^1;
   5          sbit SDA = P2^0;
   6          
   7          void I2C_start(void)
   8          {
   9   1        SDA = 1;
  10   1        delay_10us(1);
  11   1        SCL = 1;
  12   1        delay_10us(1);
  13   1        SDA = 0;
  14   1        delay_10us(1);
  15   1        SCL = 0;
  16   1        delay_10us(1);
  17   1      }
  18          
  19          void I2C_stop(void)
  20          {
  21   1        SDA = 0;
  22   1        delay_10us(1);
  23   1        SCL = 1;
  24   1        delay_10us(1);
  25   1        SDA = 1;
  26   1        delay_10us(1);
  27   1      }
  28          
  29          void I2C_writebyte(unsigned char dat)
  30          {
  31   1        unsigned char i;
  32   1        SCL = 0;
  33   1        for(i = 0;i < 8;i++)
  34   1        {
  35   2          SDA = dat >> 7;
  36   2          dat <<= 1;
  37   2          delay_10us(1);
  38   2          SCL = 1;
  39   2          delay_10us(1);
  40   2          SCL = 0;
  41   2          delay_10us(1);
  42   2      
  43   2        }
  44   1      }
  45          
  46          unsigned char I2C_readbyte(void)
  47          {
  48   1        unsigned char i,dat;
  49   1        SDA = 1;
  50   1        for(i = 0;i < 8;i++)
  51   1        {
  52   2          SCL = 1;
  53   2          delay_10us(1);
  54   2          dat <<= 1;
C51 COMPILER V9.60.7.0   I2C                                                               09/10/2025 20:28:10 PAGE 2   

  55   2          dat |= SDA;
  56   2          SCL = 0;
  57   2        }
  58   1        return dat;
  59   1      }
  60          
  61          void I2C_ACK(void)
  62          {
  63   1        SCL = 0;
  64   1        SDA = 0;
  65   1        delay_10us(1);
  66   1        SCL = 1;
  67   1        delay_10us(1);
  68   1        SCL = 0;
  69   1      }
  70          
  71          void I2C_NACK(void)
  72          {
  73   1        SCL = 0;
  74   1        SDA = 1;
  75   1        delay_10us(1);
  76   1        SCL = 1;
  77   1        delay_10us(1);  
  78   1        SCL = 0;
  79   1      }
  80          
  81          unsigned char I2C_waitack()
  82          {
  83   1        unsigned char ack;
  84   1        SDA = 1;
  85   1        SCL = 1;
  86   1        delay_10us(1);
  87   1        ack = SDA;
  88   1        SCL = 0;
  89   1        return ack;
  90   1      }


MODULE INFORMATION:   STATIC OVERLAYABLE
   CODE SIZE        =    237    ----
   CONSTANT SIZE    =   ----    ----
   XDATA SIZE       =   ----    ----
   PDATA SIZE       =   ----       4
   DATA SIZE        =   ----    ----
   IDATA SIZE       =   ----    ----
   BIT SIZE         =   ----    ----
END OF MODULE INFORMATION.


C51 COMPILATION COMPLETE.  0 WARNING(S),  0 ERROR(S)
