C51 COMPILER V9.60.7.0   IR                                                                09/05/2025 22:58:17 PAGE 1   


C51 COMPILER V9.60.7.0, COMPILATION OF MODULE IR
OBJECT MODULE PLACED IN .\Objects\IR.obj
COMPILER INVOKED BY: C:\Keil_v5\C51\BIN\C51.EXE IR.c OPTIMIZE(8,SPEED) BROWSE DEBUG OBJECTEXTEND PRINT(.\Listings\IR.lst
                    -) TABS(2) OBJECT(.\Objects\IR.obj)

line level    source

   1          #include <REGX52.H>
   2          #include "delay.h"
   3          sbit IR_Signal = P3^2;
   4          unsigned char IR_databuf[4];
   5          
   6          void IR_INT0_Init()
   7          {
   8   1        IT0 = 1;
   9   1        EX0 = 1;
  10   1        EA = 1;
  11   1        IR_Signal = 1;
  12   1      }
  13          
  14          void IR_INT0_Routine() interrupt 0
  15          {
  16   1        unsigned int timecnt; 
  17   1        unsigned char i, j, IR_highcnt = 0;
  18   1        if(IR_Signal == 0)
  19   1        {
  20   2          timecnt = 1000;
  21   2          while((IR_Signal == 0) && timecnt)
  22   2          {
  23   3            delay_10us(1);
  24   3            timecnt--;
  25   3            if(timecnt == 0) return;
  26   3            
  27   3          }
  28   2      
  29   2          if(IR_Signal)
  30   2          {
  31   3            timecnt = 550;
  32   3            while(IR_Signal && timecnt)
  33   3            {
  34   4              delay_10us(1);
  35   4              timecnt--;
  36   4              if(timecnt == 0)  return;   
  37   4            }
  38   3        
  39   3          }
  40   2          for(i = 0;i < 4;i++)
  41   2          {
  42   3            for(j = 0;j < 8;j++)
  43   3            {
  44   4              IR_databuf[i] >>= 1;
  45   4              
  46   4                timecnt = 600;
  47   4                while((IR_Signal == 0) && timecnt)
  48   4                {
  49   5                  delay_10us(1);
  50   5                  timecnt--;
  51   5                  if(timecnt == 0) return;
  52   5                }
  53   4      
  54   4                timecnt = 20;
C51 COMPILER V9.60.7.0   IR                                                                09/05/2025 22:58:17 PAGE 2   

  55   4                while(IR_Signal && timecnt)
  56   4                {
  57   5                  delay_10us(10);
  58   5      //            IR_highcnt++;
  59   5                  timecnt--;
  60   5      //            if(IR_highcnt > 20) return;
  61   5                  if(timecnt == 0) return;
  62   5                  
  63   5                }
  64   4                  if(timecnt < 12) IR_databuf[i] |= 0x80;
  65   4      
  66   4      //          if(IR_highcnt >= 8) IR_databuf[i] |= 0x80;
  67   4      //            
  68   4      //          IR_highcnt = 0;
  69   4            }
  70   3          }
  71   2          if(IR_databuf[2] != ~IR_databuf[3])
  72   2          {
  73   3            for(i = 0;i < 4;i++)
  74   3            {
  75   4              IR_databuf[i] = 0;
  76   4            }
  77   3          }
  78   2        }
  79   1      }
  80          
  81          unsigned char IR_get_ctrl_char()
  82          {
  83   1        return IR_databuf[2];
  84   1      }


MODULE INFORMATION:   STATIC OVERLAYABLE
   CODE SIZE        =    318    ----
   CONSTANT SIZE    =   ----    ----
   XDATA SIZE       =   ----    ----
   PDATA SIZE       =   ----    ----
   DATA SIZE        =      4       5
   IDATA SIZE       =   ----    ----
   BIT SIZE         =   ----    ----
END OF MODULE INFORMATION.


C51 COMPILATION COMPLETE.  0 WARNING(S),  0 ERROR(S)
