C51 COMPILER V9.54   MAIN                                                                  08/27/2025 19:37:34 PAGE 1   


C51 COMPILER V9.54, COMPILATION OF MODULE MAIN
OBJECT MODULE PLACED IN .\Objects\main.obj
COMPILER INVOKED BY: C:\Keil_v5\C51\BIN\C51.EXE main.c OPTIMIZE(8,SPEED) BROWSE DEBUG OBJECTEXTEND PRINT(.\Listings\main
                    -.lst) TABS(2) OBJECT(.\Objects\main.obj)

line level    source

   1          #include <REGX52.H>
   2          #include "delay.h"
   3          #include "IR.h"
   4          #include "smg.h"
   5          #include "XPT2046.h"
   6          #include "PWM.h"
   7          
   8          void main()
   9          {
  10   1      
  11   1        unsigned char ir_temp;
  12   1        unsigned char smg_value_buf[8];
  13   1        
  14   1        IR_INT0_Init();
  15   1        Timer0Init();
  16   1        PWM_Init(0xAE, 0xFF, 10, 5);
  17   1      
  18   1        
  19   1        while(1)
  20   1        {
  21   2      /*############################### 红外接收 #######################*/
  22   2          ir_temp = gIR_databuf[2];
  23   2      
  24   2          smg_value_buf[5] = gsmg_code[ir_temp/16];//将控制码高4位转换为数码管段码
  25   2          smg_value_buf[6] = gsmg_code[ir_temp%16];//将控制码低4位转换为数码管段码
  26   2          smg_value_buf[7] = 0X76;//显示H的段码
  27   2      
  28   2      //    smg_display(ired_buf,6);
  29   2          
  30   2      /*############################### ADC #######################*/ 
  31   2          smg_value_buf[0] = gsmg_code[g_ADC_AD1_Value / 1000];
  32   2          smg_value_buf[1] = gsmg_code[g_ADC_AD1_Value / 100 % 10];
  33   2          smg_value_buf[2] = gsmg_code[g_ADC_AD1_Value / 10 % 10];
  34   2          smg_value_buf[3] = gsmg_code[g_ADC_AD1_Value % 10];
  35   2          smg_value_buf[4] = 0x00;
  36   2          smg_display(smg_value_buf,1);
  37   2        }
  38   1      }


MODULE INFORMATION:   STATIC OVERLAYABLE
   CODE SIZE        =    146    ----
   CONSTANT SIZE    =   ----    ----
   XDATA SIZE       =   ----    ----
   PDATA SIZE       =   ----    ----
   DATA SIZE        =   ----       9
   IDATA SIZE       =   ----    ----
   BIT SIZE         =   ----    ----
END OF MODULE INFORMATION.


C51 COMPILATION COMPLETE.  0 WARNING(S),  0 ERROR(S)
