C51 COMPILER V9.60.7.0   PWM                                                               09/10/2025 20:28:10 PAGE 1   


C51 COMPILER V9.60.7.0, COMPILATION OF MODULE PWM
OBJECT MODULE PLACED IN .\Objects\PWM.obj
COMPILER INVOKED BY: C:\Keil_v5\C51\BIN\C51.EXE PWM.c COMPACT OPTIMIZE(8,SPEED) BROWSE DEBUG OBJECTEXTEND PRINT(.\Listin
                    -gs\PWM.lst) TABS(2) OBJECT(.\Objects\PWM.obj)

line level    source

   1          #include <REGX52.H>
   2          
   3          sbit PWM_LED = P2^1;
   4          sbit PWM_FAN = P1^0;
   5          
   6          unsigned char g_pwm_timel = 0;
   7          unsigned char g_pwm_timeh = 0;
   8          unsigned char g_pwm_counter = 0;
   9          unsigned char g_pwm_threshold = 0;
  10          
  11          void PWM_Init(unsigned char timel, unsigned char timeh, unsigned char counter, unsigned char threshold)
  12          {
  13   1        TMOD &= 0x0F; 
  14   1        TMOD |= 0x10; 
  15   1        TL1 = timel;
  16   1        TH1 = timeh;
  17   1        TF1 = 0;  
  18   1        TR1 = 1;
  19   1        ET1 = 1;
  20   1        EA = 1;
  21   1      
  22   1      //  PT1 = 1;
  23   1      //  IPH |= 0x80;
  24   1      
  25   1        
  26   1        g_pwm_timel = timel;
  27   1        g_pwm_timeh = timeh;
  28   1        g_pwm_counter = counter;
  29   1        g_pwm_threshold = threshold;
  30   1      }
  31          
  32          void PWM_Config() interrupt 3
  33          {
  34   1        static unsigned char counter = 0;
  35   1        TL0 = g_pwm_timel;
  36   1        TH0 = g_pwm_timeh;
  37   1        
  38   1        counter++;
  39   1        counter %= g_pwm_counter;
  40   1        if(counter <= g_pwm_threshold)
  41   1        {
  42   2          PWM_LED = 1;
  43   2      //      PWM_FAN = 1;
  44   2        }
  45   1        else
  46   1        {
  47   2          PWM_LED = 0;
  48   2      //      PWM_FAN = 0;
  49   2        }
  50   1        
  51   1      }
  52          
  53          void PWM_Set_Threshold(unsigned char thred)
  54          {
C51 COMPILER V9.60.7.0   PWM                                                               09/10/2025 20:28:10 PAGE 2   

  55   1        g_pwm_threshold = thred;
  56   1      }


MODULE INFORMATION:   STATIC OVERLAYABLE
   CODE SIZE        =    111    ----
   CONSTANT SIZE    =   ----    ----
   XDATA SIZE       =   ----    ----
   PDATA SIZE       =      5       4
   DATA SIZE        =   ----    ----
   IDATA SIZE       =   ----    ----
   BIT SIZE         =   ----    ----
END OF MODULE INFORMATION.


C51 COMPILATION COMPLETE.  0 WARNING(S),  0 ERROR(S)
