C51 COMPILER V9.60.7.0   SG90                                                              09/16/2025 11:41:47 PAGE 1   


C51 COMPILER V9.60.7.0, COMPILATION OF MODULE SG90
OBJECT MODULE PLACED IN .\Objects\SG90.obj
COMPILER INVOKED BY: C:\Keil_v5\C51\BIN\C51.EXE SG90.c OPTIMIZE(8,SPEED) BROWSE DEBUG OBJECTEXTEND PRINT(.\Listings\SG90
                    -.lst) TABS(2) OBJECT(.\Objects\SG90.obj)

line level    source

   1          #include <REGX52.H>
   2          
   3          /*  
   4              0.5ms     0  degree
   5              1ms      45  degree
   6              1.5ms    90  degree
   7              2ms     135  degree
   8              2.5ms   180  degree
   9          */
  10              
  11              
  12          sbit PWM_Motor = P2^1;
  13          //sbit PWM_FAN = P1^0;
  14          
  15          unsigned char g_pwm_motor_threshold = 1;
  16          
  17          void PWM_Motor_Init()
  18          {
  19   1        TMOD &= 0x0F; 
  20   1        TMOD |= 0x10; 
  21   1        TL1 = 0x33;
  22   1        TH1 = 0xFE;
  23   1        TF1 = 0;  
  24   1        TR1 = 1;
  25   1        ET1 = 1;
  26   1        EA = 1;
  27   1        
  28   1        PWM_Motor = 1;
  29   1      
  30   1      }
  31          
  32          void PWM_Motor_Timer1Routine() interrupt 3
  33          {
  34   1        static unsigned char counter = 0;
  35   1        TL1 = 0x33;
  36   1        TH1 = 0xFE;
  37   1        
  38   1        counter++;
  39   1        counter %= 40;//500us * 40 = 20ms
  40   1        if(counter < g_pwm_motor_threshold)
  41   1        {
  42   2          PWM_Motor = 1;
  43   2        }
  44   1        else
  45   1        {
  46   2          PWM_Motor = 0;
  47   2        }
  48   1        
  49   1      }
  50          
  51          void PWM_Motor_Set_Threshold(unsigned char thred)
  52          {
  53   1        g_pwm_motor_threshold = thred;
  54   1      }
C51 COMPILER V9.60.7.0   SG90                                                              09/16/2025 11:41:47 PAGE 2   



MODULE INFORMATION:   STATIC OVERLAYABLE
   CODE SIZE        =     69    ----
   CONSTANT SIZE    =   ----    ----
   XDATA SIZE       =   ----    ----
   PDATA SIZE       =   ----    ----
   DATA SIZE        =      2    ----
   IDATA SIZE       =   ----    ----
   BIT SIZE         =   ----    ----
END OF MODULE INFORMATION.


C51 COMPILATION COMPLETE.  0 WARNING(S),  0 ERROR(S)
